Build started 6/8/2017 4:29:52 PM.
     1>Project "C:\Users\shivam\Documents\GitHub\icz-pe-tuts-C-programs\tut2\Section Header info\Section Header info.vcxproj" on node 2 (Build target(s)).
     1>ClCompile:
         C:\Program Files (x86)\Microsoft Visual Studio 12.0\VC\bin\CL.exe /c /ZI /nologo /W3 /WX- /sdl /Od /Oy- /D WIN32 /D _DEBUG /D _WINDOWS /D _MBCS /Gm /EHsc /RTC1 /MDd /GS /fp:precise /Zc:wchar_t /Zc:forScope /Fo"Debug\\" /Fd"Debug\vc120.pdb" /Gd /TP /analyze- /errorReport:prompt sh.cpp
         sh.cpp
     1>c:\users\shivam\documents\github\icz-pe-tuts-c-programs\tut2\section header info\resource.h(27): warning C4005: 'RBS_TOOLTIPS' : macro redefinition
                 c:\program files (x86)\windows kits\8.1\include\um\commctrl.h(1874) : see previous definition of 'RBS_TOOLTIPS'
     1>c:\users\shivam\documents\github\icz-pe-tuts-c-programs\tut2\section header info\resource.h(28): warning C4005: 'RBS_VARHEIGHT' : macro redefinition
                 c:\program files (x86)\windows kits\8.1\include\um\commctrl.h(1875) : see previous definition of 'RBS_VARHEIGHT'
     1>c:\users\shivam\documents\github\icz-pe-tuts-c-programs\tut2\section header info\resource.h(29): warning C4005: 'RBS_BANDBORDERS' : macro redefinition
                 c:\program files (x86)\windows kits\8.1\include\um\commctrl.h(1876) : see previous definition of 'RBS_BANDBORDERS'
     1>c:\users\shivam\documents\github\icz-pe-tuts-c-programs\tut2\section header info\resource.h(30): warning C4005: 'RBS_FIXEDORDER' : macro redefinition
                 c:\program files (x86)\windows kits\8.1\include\um\commctrl.h(1877) : see previous definition of 'RBS_FIXEDORDER'
     1>c:\users\shivam\documents\github\icz-pe-tuts-c-programs\tut2\section header info\resource.h(31): warning C4005: 'RBS_REGISTERDROP' : macro redefinition
                 c:\program files (x86)\windows kits\8.1\include\um\commctrl.h(1878) : see previous definition of 'RBS_REGISTERDROP'
     1>c:\users\shivam\documents\github\icz-pe-tuts-c-programs\tut2\section header info\resource.h(32): warning C4005: 'RBS_AUTOSIZE' : macro redefinition
                 c:\program files (x86)\windows kits\8.1\include\um\commctrl.h(1879) : see previous definition of 'RBS_AUTOSIZE'
     1>c:\users\shivam\documents\github\icz-pe-tuts-c-programs\tut2\section header info\resource.h(33): warning C4005: 'RBS_VERTICALGRIPPER' : macro redefinition
                 c:\program files (x86)\windows kits\8.1\include\um\commctrl.h(1880) : see previous definition of 'RBS_VERTICALGRIPPER'
     1>c:\users\shivam\documents\github\icz-pe-tuts-c-programs\tut2\section header info\resource.h(34): warning C4005: 'RBS_DBLCLKTOGGLE' : macro redefinition
                 c:\program files (x86)\windows kits\8.1\include\um\commctrl.h(1881) : see previous definition of 'RBS_DBLCLKTOGGLE'
     1>c:\users\shivam\documents\github\icz-pe-tuts-c-programs\tut2\section header info\resource.h(444): warning C4005: 'WM_KEYLAST' : macro redefinition
                 c:\program files (x86)\windows kits\8.1\include\um\winuser.h(2083) : see previous definition of 'WM_KEYLAST'
     1>c:\users\shivam\documents\github\icz-pe-tuts-c-programs\tut2\section header info\resource.h(770): warning C4005: 'CF_MAX' : macro redefinition
                 c:\program files (x86)\windows kits\8.1\include\um\winuser.h(3019) : see previous definition of 'CF_MAX'
     1>c:\users\shivam\documents\github\icz-pe-tuts-c-programs\tut2\section header info\resource.h(951): warning C4005: 'IDI_APPLICATION' : macro redefinition
                 c:\program files (x86)\windows kits\8.1\include\um\winuser.h(10503) : see previous definition of 'IDI_APPLICATION'
     1>c:\users\shivam\documents\github\icz-pe-tuts-c-programs\tut2\section header info\resource.h(952): warning C4005: 'IDI_HAND' : macro redefinition
                 c:\program files (x86)\windows kits\8.1\include\um\winuser.h(10504) : see previous definition of 'IDI_HAND'
     1>c:\users\shivam\documents\github\icz-pe-tuts-c-programs\tut2\section header info\resource.h(953): warning C4005: 'IDI_QUESTION' : macro redefinition
                 c:\program files (x86)\windows kits\8.1\include\um\winuser.h(10505) : see previous definition of 'IDI_QUESTION'
     1>c:\users\shivam\documents\github\icz-pe-tuts-c-programs\tut2\section header info\resource.h(954): warning C4005: 'IDI_EXCLAMATION' : macro redefinition
                 c:\program files (x86)\windows kits\8.1\include\um\winuser.h(10506) : see previous definition of 'IDI_EXCLAMATION'
     1>c:\users\shivam\documents\github\icz-pe-tuts-c-programs\tut2\section header info\resource.h(955): warning C4005: 'IDI_ASTERISK' : macro redefinition
                 c:\program files (x86)\windows kits\8.1\include\um\winuser.h(10507) : see previous definition of 'IDI_ASTERISK'
     1>c:\users\shivam\documents\github\icz-pe-tuts-c-programs\tut2\section header info\resource.h(956): warning C4005: 'IDI_WINLOGO' : macro redefinition
                 c:\program files (x86)\windows kits\8.1\include\um\winuser.h(10509) : see previous definition of 'IDI_WINLOGO'
     1>c:\users\shivam\documents\github\icz-pe-tuts-c-programs\tut2\section header info\sh.cpp(26): warning C4007: 'WinMain' : must be '__stdcall'
       Link:
         C:\Program Files (x86)\Microsoft Visual Studio 12.0\VC\bin\link.exe /ERRORREPORT:PROMPT /OUT:"C:\Users\shivam\Documents\GitHub\icz-pe-tuts-C-programs\tut2\Debug\Section Header info.exe" /INCREMENTAL /NOLOGO kernel32.lib user32.lib gdi32.lib winspool.lib comdlg32.lib advapi32.lib shell32.lib ole32.lib oleaut32.lib uuid.lib odbc32.lib odbccp32.lib /MANIFEST /MANIFESTUAC:"level='asInvoker' uiAccess='false'" /manifest:embed /DEBUG /PDB:"C:\Users\shivam\Documents\GitHub\icz-pe-tuts-C-programs\tut2\Debug\Section Header info.pdb" /SUBSYSTEM:WINDOWS /TLBID:1 /DYNAMICBASE /NXCOMPAT /IMPLIB:"C:\Users\shivam\Documents\GitHub\icz-pe-tuts-C-programs\tut2\Debug\Section Header info.lib" /MACHINE:X86 Debug\sh.obj
         Section Header info.vcxproj -> C:\Users\shivam\Documents\GitHub\icz-pe-tuts-C-programs\tut2\Debug\Section Header info.exe
     1>Done Building Project "C:\Users\shivam\Documents\GitHub\icz-pe-tuts-C-programs\tut2\Section Header info\Section Header info.vcxproj" (Build target(s)).

Build succeeded.

Time Elapsed 00:00:02.14
